android/build/intermediates/manifest_merge_blame_file/debug/processDebugManifest/manifest-merger-blame-debug-report.txt
1<?xml version="1.0" encoding="utf-8"?>
2<manifest xmlns:android="http://schemas.android.com/apk/res/android"
3    package="fr.lelab.activity" >
4
5    <uses-sdk android:minSdkVersion="23" />
6
7    <uses-permission android:name="android.permission.ACTIVITY_RECOGNITION" />
7-->src/main/AndroidManifest.xml:5:5-79
7-->src/main/AndroidManifest.xml:5:22-76
8    <uses-permission android:name="com.google.android.gms.permission.ACTIVITY_RECOGNITION" />
8-->src/main/AndroidManifest.xml:6:5-94
8-->src/main/AndroidManifest.xml:6:22-91
9    <uses-permission android:name="android.permission.ACCESS_FINE_LOCATION" />
9-->src/main/AndroidManifest.xml:8:5-79
9-->src/main/AndroidManifest.xml:8:22-76
10    <uses-permission android:name="android.permission.ACCESS_COARSE_LOCATION" />
10-->src/main/AndroidManifest.xml:9:5-81
10-->src/main/AndroidManifest.xml:9:22-78
11    <uses-permission android:name="android.permission.ACCESS_BACKGROUND_LOCATION" />
11-->src/main/AndroidManifest.xml:10:5-85
11-->src/main/AndroidManifest.xml:10:22-82
12    <uses-permission android:name="android.permission.FOREGROUND_SERVICE" />
12-->src/main/AndroidManifest.xml:12:5-77
12-->src/main/AndroidManifest.xml:12:22-74
13    <uses-permission android:name="android.permission.FOREGROUND_SERVICE_LOCATION" />
13-->src/main/AndroidManifest.xml:13:5-86
13-->src/main/AndroidManifest.xml:13:22-83
14    <uses-permission android:name="android.permission.POST_NOTIFICATIONS" />
14-->src/main/AndroidManifest.xml:15:5-77
14-->src/main/AndroidManifest.xml:15:22-74
15    <uses-permission android:name="android.permission.RECEIVE_BOOT_COMPLETED" />
15-->src/main/AndroidManifest.xml:16:5-81
15-->src/main/AndroidManifest.xml:16:22-78
16    <uses-permission android:name="android.permission.WAKE_LOCK" />
16-->src/main/AndroidManifest.xml:17:5-68
16-->src/main/AndroidManifest.xml:17:22-65
17    <uses-permission android:name="android.permission.VIBRATE" />
17-->src/main/AndroidManifest.xml:18:5-66
17-->src/main/AndroidManifest.xml:18:22-63
18    <uses-permission android:name="android.permission.REQUEST_IGNORE_BATTERY_OPTIMIZATIONS" />
18-->src/main/AndroidManifest.xml:20:5-95
18-->src/main/AndroidManifest.xml:20:22-92
19
20    <application>
20-->src/main/AndroidManifest.xml:22:5-70:19
21        <service
21-->src/main/AndroidManifest.xml:24:9-29:44
22            android:name="fr.lelab.activity.TrackingService"
22-->src/main/AndroidManifest.xml:25:13-61
23            android:enabled="true"
23-->src/main/AndroidManifest.xml:27:13-35
24            android:exported="false"
24-->src/main/AndroidManifest.xml:28:13-37
25            android:foregroundServiceType="location"
25-->src/main/AndroidManifest.xml:26:13-53
26            android:stopWithTask="false" />
26-->src/main/AndroidManifest.xml:29:13-41
27
28        <receiver
28-->src/main/AndroidManifest.xml:31:9-40:20
29            android:name="fr.lelab.activity.ActivityTransitionReceiver"
29-->src/main/AndroidManifest.xml:32:13-55
30            android:directBootAware="true"
30-->src/main/AndroidManifest.xml:35:13-43
31            android:enabled="true"
31-->src/main/AndroidManifest.xml:33:13-35
32            android:exported="true" >
32-->src/main/AndroidManifest.xml:34:13-36
33            <intent-filter>
33-->src/main/AndroidManifest.xml:36:13-39:29
34                <action android:name="fr.lelab.activity.ACTION_STOP_GPS_GRACE" />
34-->src/main/AndroidManifest.xml:37:17-82
34-->src/main/AndroidManifest.xml:37:25-79
35                <action android:name="fr.lelab.activity.ACTION_PROCESS_ACTIVITY_TRANSITIONS" />
35-->src/main/AndroidManifest.xml:38:17-96
35-->src/main/AndroidManifest.xml:38:25-93
36            </intent-filter>
37        </receiver>
38        <receiver
38-->src/main/AndroidManifest.xml:42:9-52:20
39            android:name="fr.lelab.activity.BootReceiver"
39-->src/main/AndroidManifest.xml:43:13-58
40            android:directBootAware="true"
40-->src/main/AndroidManifest.xml:46:13-43
41            android:enabled="true"
41-->src/main/AndroidManifest.xml:44:13-35
42            android:exported="true" >
42-->src/main/AndroidManifest.xml:45:13-36
43            <intent-filter>
43-->src/main/AndroidManifest.xml:47:13-51:29
44                <action android:name="android.intent.action.BOOT_COMPLETED" />
44-->src/main/AndroidManifest.xml:48:17-79
44-->src/main/AndroidManifest.xml:48:25-76
45                <action android:name="android.intent.action.LOCKED_BOOT_COMPLETED" />
45-->src/main/AndroidManifest.xml:49:17-86
45-->src/main/AndroidManifest.xml:49:25-83
46                <action android:name="android.intent.action.QUICKBOOT_POWERON" />
46-->src/main/AndroidManifest.xml:50:17-82
46-->src/main/AndroidManifest.xml:50:25-79
47            </intent-filter>
48        </receiver>
49        <receiver
49-->src/main/AndroidManifest.xml:54:9-58:45
50            android:name="fr.lelab.activity.LocationReceiver"
50-->src/main/AndroidManifest.xml:55:13-62
51            android:directBootAware="true"
51-->src/main/AndroidManifest.xml:58:13-43
52            android:enabled="true"
52-->src/main/AndroidManifest.xml:56:13-35
53            android:exported="true" />
53-->src/main/AndroidManifest.xml:57:13-36
54
55        <provider
55-->src/main/AndroidManifest.xml:60:9-68:20
56            android:name="androidx.core.content.FileProvider"
56-->src/main/AndroidManifest.xml:61:13-62
57            android:authorities="${applicationId}.fileprovider"
57-->src/main/AndroidManifest.xml:62:13-64
58            android:exported="false"
58-->src/main/AndroidManifest.xml:63:13-37
59            android:grantUriPermissions="true" >
59-->src/main/AndroidManifest.xml:64:13-47
60            <meta-data
60-->src/main/AndroidManifest.xml:65:13-67:54
61                android:name="android.support.FILE_PROVIDER_PATHS"
61-->src/main/AndroidManifest.xml:66:17-67
62                android:resource="@xml/file_paths" />
62-->src/main/AndroidManifest.xml:67:17-51
63        </provider>
64    </application>
65
66</manifest>